
*** Running vivado
    with args -log tb.vds -m64 -product Vivado -mode batch -messageDb vivado.pb -notrace -source tb.tcl



****** Vivado v2022.2 (64-bit)
  **** SW Build 3671981 on Fri Oct 14 05:00:03 MDT 2022
  **** IP Build 3669848 on Fri Oct 14 08:30:02 MDT 2022
    ** Copyright 1986-2022 Xilinx, Inc. All Rights Reserved.

source tb.tcl -notrace
create_project: Time (s): cpu = 00:00:06 ; elapsed = 00:00:08 . Memory (MB): peak = 394.566 ; gain = 75.340
Command: synth_design -top tb -part xc7z020clg484-3
Starting synth_design
Attempting to get a license for feature 'Synthesis' and/or device 'xc7z020'
INFO: [Common 17-349] Got license for feature 'Synthesis' and/or device 'xc7z020'
INFO: [Synth 8-7079] Multithreading enabled for synth_design using a maximum of 2 processes.
INFO: [Synth 8-7078] Launching helper process for spawning children vivado processes
INFO: [Synth 8-7075] Helper process launched with PID 10860
INFO: [Synth 8-11241] undeclared symbol 'REGCCE', assumed default net type 'wire' [C:/Xilinx/Vivado/2022.2/data/verilog/src/unimacro/BRAM_SINGLE_MACRO.v:2170]
---------------------------------------------------------------------------------
Starting Synthesize : Time (s): cpu = 00:00:05 ; elapsed = 00:00:06 . Memory (MB): peak = 831.590 ; gain = 412.137
---------------------------------------------------------------------------------
INFO: [Synth 8-638] synthesizing module 'tb' [C:/Users/mho19003/Desktop/lab2.1/lab2.1.srcs/sources_1/new/lab2.1:47]
INFO: [Synth 8-3491] module 'Mux8To1' declared at 'C:/Users/mho19003/Desktop/lab2.1/lab2.1.srcs/sources_1/new/lab2.1:5' bound to instance 'Entity_instance' of component 'Mux8To1' [C:/Users/mho19003/Desktop/lab2.1/lab2.1.srcs/sources_1/new/lab2.1:60]
INFO: [Synth 8-638] synthesizing module 'Mux8To1' [C:/Users/mho19003/Desktop/lab2.1/lab2.1.srcs/sources_1/new/lab2.1:13]
INFO: [Synth 8-256] done synthesizing module 'Mux8To1' (0#1) [C:/Users/mho19003/Desktop/lab2.1/lab2.1.srcs/sources_1/new/lab2.1:13]
WARNING: [Synth 8-312] ignoring unsynthesizable construct: wait statement with no conditon [C:/Users/mho19003/Desktop/lab2.1/lab2.1.srcs/sources_1/new/lab2.1:69]
WARNING: [Synth 8-312] ignoring unsynthesizable construct: wait statement with no conditon [C:/Users/mho19003/Desktop/lab2.1/lab2.1.srcs/sources_1/new/lab2.1:74]
WARNING: [Synth 8-312] ignoring unsynthesizable construct: wait statement with no conditon [C:/Users/mho19003/Desktop/lab2.1/lab2.1.srcs/sources_1/new/lab2.1:79]
WARNING: [Synth 8-312] ignoring unsynthesizable construct: wait statement with no conditon [C:/Users/mho19003/Desktop/lab2.1/lab2.1.srcs/sources_1/new/lab2.1:84]
WARNING: [Synth 8-312] ignoring unsynthesizable construct: wait statement with no conditon [C:/Users/mho19003/Desktop/lab2.1/lab2.1.srcs/sources_1/new/lab2.1:89]
WARNING: [Synth 8-312] ignoring unsynthesizable construct: wait statement with no conditon [C:/Users/mho19003/Desktop/lab2.1/lab2.1.srcs/sources_1/new/lab2.1:94]
WARNING: [Synth 8-312] ignoring unsynthesizable construct: wait statement with no conditon [C:/Users/mho19003/Desktop/lab2.1/lab2.1.srcs/sources_1/new/lab2.1:99]
WARNING: [Synth 8-312] ignoring unsynthesizable construct: wait statement with no conditon [C:/Users/mho19003/Desktop/lab2.1/lab2.1.srcs/sources_1/new/lab2.1:104]
WARNING: [Synth 8-312] ignoring unsynthesizable construct: wait statement with no conditon [C:/Users/mho19003/Desktop/lab2.1/lab2.1.srcs/sources_1/new/lab2.1:109]
INFO: [Synth 8-256] done synthesizing module 'tb' (0#1) [C:/Users/mho19003/Desktop/lab2.1/lab2.1.srcs/sources_1/new/lab2.1:47]
---------------------------------------------------------------------------------
Finished Synthesize : Time (s): cpu = 00:00:07 ; elapsed = 00:00:08 . Memory (MB): peak = 921.004 ; gain = 501.551
---------------------------------------------------------------------------------
---------------------------------------------------------------------------------
Finished Constraint Validation : Time (s): cpu = 00:00:07 ; elapsed = 00:00:09 . Memory (MB): peak = 921.004 ; gain = 501.551
---------------------------------------------------------------------------------
---------------------------------------------------------------------------------
Start Loading Part and Timing Information
---------------------------------------------------------------------------------
Loading part: xc7z020clg484-3
---------------------------------------------------------------------------------
Finished Loading Part and Timing Information : Time (s): cpu = 00:00:07 ; elapsed = 00:00:09 . Memory (MB): peak = 921.004 ; gain = 501.551
---------------------------------------------------------------------------------
INFO: [Device 21-403] Loading part xc7z020clg484-3
---------------------------------------------------------------------------------
Finished RTL Optimization Phase 2 : Time (s): cpu = 00:00:07 ; elapsed = 00:00:09 . Memory (MB): peak = 921.004 ; gain = 501.551
---------------------------------------------------------------------------------
No constraint files found.
---------------------------------------------------------------------------------
Start RTL Component Statistics 
---------------------------------------------------------------------------------
Detailed RTL Component Info : 
---------------------------------------------------------------------------------
Finished RTL Component Statistics 
---------------------------------------------------------------------------------
---------------------------------------------------------------------------------
Start Part Resource Summary
---------------------------------------------------------------------------------
Part Resources:
DSPs: 220 (col length:60)
BRAMs: 280 (col length: RAMB18 60 RAMB36 30)
---------------------------------------------------------------------------------
Finished Part Resource Summary
---------------------------------------------------------------------------------
No constraint files found.
---------------------------------------------------------------------------------
Start Cross Boundary and Area Optimization
---------------------------------------------------------------------------------
WARNING: [Synth 8-7080] Parallel synthesis criteria is not met
WARNING: [Synth 8-3330] design tb has an empty top module
---------------------------------------------------------------------------------
Finished Cross Boundary and Area Optimization : Time (s): cpu = 00:00:14 ; elapsed = 00:00:28 . Memory (MB): peak = 1123.578 ; gain = 704.125
---------------------------------------------------------------------------------
No constraint files found.
---------------------------------------------------------------------------------
Start Timing Optimization
---------------------------------------------------------------------------------
---------------------------------------------------------------------------------
Finished Timing Optimization : Time (s): cpu = 00:00:14 ; elapsed = 00:00:29 . Memory (MB): peak = 1123.578 ; gain = 704.125
---------------------------------------------------------------------------------
---------------------------------------------------------------------------------
Start Technology Mapping
---------------------------------------------------------------------------------
---------------------------------------------------------------------------------
Finished Technology Mapping : Time (s): cpu = 00:00:14 ; elapsed = 00:00:29 . Memory (MB): peak = 1123.578 ; gain = 704.125
---------------------------------------------------------------------------------
---------------------------------------------------------------------------------
Start IO Insertion
---------------------------------------------------------------------------------
---------------------------------------------------------------------------------
Start Flattening Before IO Insertion
---------------------------------------------------------------------------------
---------------------------------------------------------------------------------
Finished Flattening Before IO Insertion
---------------------------------------------------------------------------------
---------------------------------------------------------------------------------
Start Final Netlist Cleanup
---------------------------------------------------------------------------------
---------------------------------------------------------------------------------
Finished Final Netlist Cleanup
---------------------------------------------------------------------------------
---------------------------------------------------------------------------------
Finished IO Insertion : Time (s): cpu = 00:00:19 ; elapsed = 00:00:34 . Memory (MB): peak = 1123.578 ; gain = 704.125
---------------------------------------------------------------------------------
---------------------------------------------------------------------------------
Start Renaming Generated Instances
---------------------------------------------------------------------------------
---------------------------------------------------------------------------------
Finished Renaming Generated Instances : Time (s): cpu = 00:00:19 ; elapsed = 00:00:34 . Memory (MB): peak = 1123.578 ; gain = 704.125
---------------------------------------------------------------------------------
---------------------------------------------------------------------------------
Start Rebuilding User Hierarchy
---------------------------------------------------------------------------------
---------------------------------------------------------------------------------
Finished Rebuilding User Hierarchy : Time (s): cpu = 00:00:19 ; elapsed = 00:00:34 . Memory (MB): peak = 1123.578 ; gain = 704.125
---------------------------------------------------------------------------------
---------------------------------------------------------------------------------
Start Renaming Generated Ports
---------------------------------------------------------------------------------
---------------------------------------------------------------------------------
Finished Renaming Generated Ports : Time (s): cpu = 00:00:19 ; elapsed = 00:00:34 . Memory (MB): peak = 1123.578 ; gain = 704.125
---------------------------------------------------------------------------------
---------------------------------------------------------------------------------
Start Handling Custom Attributes
---------------------------------------------------------------------------------
---------------------------------------------------------------------------------
Finished Handling Custom Attributes : Time (s): cpu = 00:00:19 ; elapsed = 00:00:34 . Memory (MB): peak = 1123.578 ; gain = 704.125
---------------------------------------------------------------------------------
---------------------------------------------------------------------------------
Start Renaming Generated Nets
---------------------------------------------------------------------------------
---------------------------------------------------------------------------------
Finished Renaming Generated Nets : Time (s): cpu = 00:00:19 ; elapsed = 00:00:34 . Memory (MB): peak = 1123.578 ; gain = 704.125
---------------------------------------------------------------------------------
---------------------------------------------------------------------------------
Start Writing Synthesis Report
---------------------------------------------------------------------------------

Report BlackBoxes: 
+-+--------------+----------+
| |BlackBox name |Instances |
+-+--------------+----------+
+-+--------------+----------+

Report Cell Usage: 
+-+-----+------+
| |Cell |Count |
+-+-----+------+
+-+-----+------+

Report Instance Areas: 
+------+---------+-------+------+
|      |Instance |Module |Cells |
+------+---------+-------+------+
|1     |top      |       |     0|
+------+---------+-------+------+
---------------------------------------------------------------------------------
Finished Writing Synthesis Report : Time (s): cpu = 00:00:19 ; elapsed = 00:00:34 . Memory (MB): peak = 1123.578 ; gain = 704.125
---------------------------------------------------------------------------------
Synthesis finished with 0 errors, 0 critical warnings and 11 warnings.
Synthesis Optimization Runtime : Time (s): cpu = 00:00:19 ; elapsed = 00:00:34 . Memory (MB): peak = 1123.578 ; gain = 704.125
Synthesis Optimization Complete : Time (s): cpu = 00:00:19 ; elapsed = 00:00:34 . Memory (MB): peak = 1123.578 ; gain = 704.125
INFO: [Project 1-571] Translating synthesized netlist
Netlist sorting complete. Time (s): cpu = 00:00:00 ; elapsed = 00:00:00 . Memory (MB): peak = 1123.578 ; gain = 0.000
INFO: [Project 1-570] Preparing netlist for logic optimization
INFO: [Opt 31-138] Pushed 0 inverter(s) to 0 load pin(s).
Netlist sorting complete. Time (s): cpu = 00:00:00 ; elapsed = 00:00:00 . Memory (MB): peak = 1237.176 ; gain = 0.000
INFO: [Project 1-111] Unisim Transformation Summary:
No Unisim elements were transformed.

Synth Design complete, checksum: c283ca59
INFO: [Common 17-83] Releasing license: Synthesis
16 Infos, 11 Warnings, 0 Critical Warnings and 0 Errors encountered.
synth_design completed successfully
synth_design: Time (s): cpu = 00:00:21 ; elapsed = 00:00:36 . Memory (MB): peak = 1237.176 ; gain = 842.609
INFO: [Common 17-1381] The checkpoint 'C:/Users/mho19003/Desktop/lab2.1/lab2.1.runs/synth_1/tb.dcp' has been generated.
INFO: [runtcl-4] Executing : report_utilization -file tb_utilization_synth.rpt -pb tb_utilization_synth.pb
INFO: [Common 17-206] Exiting Vivado at Fri Jan 27 12:26:54 2023...
