Vivado Simulator v2022.2
Copyright 1986-1999, 2001-2022 Xilinx, Inc. All Rights Reserved.
Running: C:/Xilinx_new/Vivado/2022.2/bin/unwrapped/win64.o/xelab.exe --incr --debug typical --relax --mt 2 -L xil_defaultlib -L secureip --snapshot TB_behav xil_defaultlib.TB -log elaborate.log 
Using 2 slave threads.
Starting static elaboration
Completed static elaboration
Starting simulation data flow analysis
Completed simulation data flow analysis
Time Resolution for simulation is 1ps
Compiling package std.standard
Compiling package std.textio
Compiling package ieee.std_logic_1164
Compiling package ieee.numeric_std
Compiling architecture fi_f of entity xil_defaultlib.FI [fi_default]
Compiling architecture a_f of entity xil_defaultlib.ArithLogic [arithlogic_default]
Compiling architecture mux8to1_f of entity xil_defaultlib.Mux8To1 [mux8to1_default]
Compiling architecture f_alu_f of entity xil_defaultlib.F_ALU [f_alu_default]
Compiling architecture ralu_arch of entity xil_defaultlib.RedundantALU [redundantalu_default]
Compiling architecture arch_tb of entity xil_defaultlib.tb
Built simulation snapshot TB_behav
